Arguments: 
  D:\Program Files\nodejs\node.exe D:\Program Files (x86)\Yarn\bin\yarn.js add -D @vuepress/plugin-pwa

PATH: 
  D:\Program Files\Git\mingw64\bin;D:\Program Files\Git\usr\bin;C:\Users\Hp\bin;D:\Program Files (x86)\NetSarang\Xshell 6;C:\Windows\system32;C:\Windows;C:\Windows\System32\Wbem;C:\Windows\System32\WindowsPowerShell\v1.0;C:\Windows\System32\OpenSSH;C:\Program Files (x86)\NVIDIA Corporation\PhysX\Common;D:\Program Files\Git\cmd;D:\Program Files\nodejs;D:\Program Files\Microsoft VS Code\bin;D:\Program Files (x86)\Yarn\bin;D:\Program Files\nodejs\node_global;D:\software\flutter\bin;D:\Program Files\nodejs\node_global\bin;D:\software\go\bin;D:\software\go-ipfs;D:\Program Files\MongoDB\Server\4.2\bin;D:\software\mysql-8.0.21-winx64\bin;D:\Program Files\Redis;D:\Program Files\Java\jdk1.8.0_261\bin;D:\Program Files\python\Scripts;D:\Program Files\python;C:\Users\Hp\AppData\Local\Microsoft\WindowsApps;C:\Users\Hp\AppData\Roaming\npm;D:\Program Files\Microsoft VS Code\bin;C:\Users\Hp\AppData\Local\Yarn\bin;C:\Users\Hp\go\bin

Yarn version: 
  1.22.4

Node version: 
  12.18.0

Platform: 
  win32 x64

Trace: 
  Error: EPERM: operation not permitted, lstat 'D:\workspace\lab\paul-xiao.github.io\node_modules\caniuse-lite\data\features\deviceorientation.js'

npm manifest: 
  {
    "name": "paul-xiao.github.io",
    "version": "1.0.2",
    "description": "来点干货",
    "main": "index.js",
    "scripts": {
      "dev": "vuepress dev .",
      "build": "sh scripts/build.sh",
      "deploy": "sh scripts/deploy.sh",
      "changelog": "standard-version"
    },
    "repository": {
      "type": "git",
      "url": "git+https://github.com/paul-xiao/paul-xiao.github.io.git"
    },
    "keywords": [],
    "author": "",
    "license": "ISC",
    "bugs": {
      "url": "https://github.com/paul-xiao/paul-xiao.github.io/issues"
    },
    "homepage": "https://github.com/paul-xiao/paul-xiao.github.io#readme",
    "dependencies": {
      "prettier": "^2.1.1",
      "sass-loader": "^8.0.2"
    },
    "devDependencies": {
      "@vuepress/plugin-active-header-links": "^1.4.0",
      "@vuepress/plugin-back-to-top": "^1.3.1",
      "@vuepress/plugin-blog": "latest",
      "@vuepress/plugin-last-updated": "^1.3.1",
      "@vuepress/plugin-medium-zoom": "^1.3.1",
      "@vuepress/plugin-nprogress": "^1.3.1",
      "chalk": "^3.0.0",
      "cz-conventional-changelog": "^3.3.0",
      "figures": "^3.2.0",
      "standard-version": "^9.0.0",
      "tinify": "^1.6.0-beta.2",
      "vuepress": "next"
    },
    "config": {
      "commitizen": {
        "path": "./node_modules/cz-conventional-changelog"
      }
    }
  }

yarn manifest: 
  No manifest

Lockfile: 
  No lockfile
